0 info it worked if it ends with ok
1 verbose cli [ 'D:\\nodejs\\node.exe',
1 verbose cli   'D:\\nodejs\\node_modules\\npm\\bin\\npm-cli.js',
1 verbose cli   'install',
1 verbose cli   'Window' ]
2 info using npm@2.14.12
3 info using node@v4.3.1
4 verbose install initial load of D:\nodejs\myNote\package.json
5 warn package.json mynote@1.0.0 No description
6 warn package.json mynote@1.0.0 No repository field.
7 warn package.json mynote@1.0.0 No README data
8 verbose installManyTop reading scoped package data from D:\nodejs\myNote\node_modules\body-parser\package.json
9 verbose installManyTop reading scoped package data from D:\nodejs\myNote\node_modules\ejs\package.json
10 verbose installManyTop reading scoped package data from D:\nodejs\myNote\node_modules\express\package.json
11 verbose installManyTop reading scoped package data from D:\nodejs\myNote\node_modules\express-session\package.json
12 verbose installManyTop reading scoped package data from D:\nodejs\myNote\node_modules\moment\package.json
13 verbose installManyTop reading scoped package data from D:\nodejs\myNote\node_modules\mongoose\package.json
14 verbose readDependencies loading dependencies from D:\nodejs\myNote\package.json
15 silly cache add args [ 'Window', null ]
16 verbose cache add spec Window
17 silly cache add parsed spec Result {
17 silly cache add   raw: 'Window',
17 silly cache add   scope: null,
17 silly cache add   name: 'Window',
17 silly cache add   rawSpec: '',
17 silly cache add   spec: 'latest',
17 silly cache add   type: 'tag' }
18 silly addNamed Window@latest
19 verbose addNamed "latest" is being treated as a dist-tag for Window
20 info addNameTag [ 'Window', 'latest' ]
21 silly mapToRegistry name Window
22 silly mapToRegistry using default registry
23 silly mapToRegistry registry https://registry.npmjs.org/
24 silly mapToRegistry uri https://registry.npmjs.org/Window
25 verbose addNameTag registry:https://registry.npmjs.org/Window not in flight; fetching
26 verbose request uri https://registry.npmjs.org/Window
27 verbose request no auth needed
28 info attempt registry request try #1 at 21:02:52
29 verbose request id 5b3bbd4025cbb67a
30 http request GET https://registry.npmjs.org/Window
31 http 404 https://registry.npmjs.org/Window
32 verbose headers { 'content-type': 'application/json',
32 verbose headers   'cache-control': 'max-age=0',
32 verbose headers   'content-length': '2',
32 verbose headers   'accept-ranges': 'bytes',
32 verbose headers   date: 'Tue, 29 Mar 2016 13:02:52 GMT',
32 verbose headers   via: '1.1 varnish',
32 verbose headers   age: '0',
32 verbose headers   connection: 'keep-alive',
32 verbose headers   'x-served-by': 'cache-itm7427-ITM',
32 verbose headers   'x-cache': 'MISS',
32 verbose headers   'x-cache-hits': '0',
32 verbose headers   'x-timer': 'S1459256572.328151,VS0,VE201' }
33 silly get cb [ 404,
33 silly get   { 'content-type': 'application/json',
33 silly get     'cache-control': 'max-age=0',
33 silly get     'content-length': '2',
33 silly get     'accept-ranges': 'bytes',
33 silly get     date: 'Tue, 29 Mar 2016 13:02:52 GMT',
33 silly get     via: '1.1 varnish',
33 silly get     age: '0',
33 silly get     connection: 'keep-alive',
33 silly get     'x-served-by': 'cache-itm7427-ITM',
33 silly get     'x-cache': 'MISS',
33 silly get     'x-cache-hits': '0',
33 silly get     'x-timer': 'S1459256572.328151,VS0,VE201' } ]
34 verbose stack Error: Registry returned 404 for GET on https://registry.npmjs.org/Window
34 verbose stack     at makeError (D:\nodejs\node_modules\npm\node_modules\npm-registry-client\lib\request.js:264:12)
34 verbose stack     at CachingRegistryClient.<anonymous> (D:\nodejs\node_modules\npm\node_modules\npm-registry-client\lib\request.js:242:14)
34 verbose stack     at Request._callback (D:\nodejs\node_modules\npm\node_modules\npm-registry-client\lib\request.js:172:14)
34 verbose stack     at Request.self.callback (D:\nodejs\node_modules\npm\node_modules\request\request.js:198:22)
34 verbose stack     at emitTwo (events.js:87:13)
34 verbose stack     at Request.emit (events.js:172:7)
34 verbose stack     at Request.<anonymous> (D:\nodejs\node_modules\npm\node_modules\request\request.js:1082:10)
34 verbose stack     at emitOne (events.js:82:20)
34 verbose stack     at Request.emit (events.js:169:7)
34 verbose stack     at IncomingMessage.<anonymous> (D:\nodejs\node_modules\npm\node_modules\request\request.js:1009:12)
35 verbose statusCode 404
36 verbose pkgid Window
37 verbose cwd D:\nodejs\myNote
38 error Windows_NT 6.1.7601
39 error argv "D:\\nodejs\\node.exe" "D:\\nodejs\\node_modules\\npm\\bin\\npm-cli.js" "install" "Window"
40 error node v4.3.1
41 error npm  v2.14.12
42 error code E404
43 error 404 Registry returned 404 for GET on https://registry.npmjs.org/Window
43 error 404
43 error 404 'Window' is not in the npm registry.
43 error 404 Your package name is not valid, because
43 error 404
43 error 404  1. name can no longer contain capital letters
43 error 404 It was specified as a dependency of 'mynote'
43 error 404
43 error 404 Note that you can also install from a
43 error 404 tarball, folder, http url, or git url.
44 verbose exit [ 1, true ]
